<?xml version="1.0" encoding="UTF-8"?>
<testsuite xmlns:xsi="http://www.w3.org/2001/XMLSchema-instance" xsi:noNamespaceSchemaLocation="https://maven.apache.org/surefire/maven-surefire-plugin/xsd/surefire-test-report.xsd" name="com.gnaoh.CalculatorTest" time="0.001" tests="3" errors="0" skipped="0" failures="0">
  <properties>
    <property name="sun.desktop" value="windows"/>
    <property name="awt.toolkit" value="sun.awt.windows.WToolkit"/>
    <property name="java.specification.version" value="11"/>
    <property name="sun.cpu.isalist" value="amd64"/>
    <property name="sun.jnu.encoding" value="Cp1252"/>
    <property name="java.class.path" value="C:\Users\hoang\OneDrive\Documents\CodeSpace\gideon\target\test-classes;C:\Users\hoang\OneDrive\Documents\CodeSpace\gideon\target\classes;C:\Users\hoang\.m2\repository\junit\junit\4.11\junit-4.11.jar;C:\Users\hoang\.m2\repository\org\hamcrest\hamcrest-core\1.3\hamcrest-core-1.3.jar;C:\Users\hoang\.m2\repository\net\dv8tion\JDA\4.3.0_277\JDA-4.3.0_277.jar;C:\Users\hoang\.m2\repository\com\google\code\findbugs\jsr305\3.0.2\jsr305-3.0.2.jar;C:\Users\hoang\.m2\repository\org\jetbrains\annotations\16.0.1\annotations-16.0.1.jar;C:\Users\hoang\.m2\repository\org\slf4j\slf4j-api\1.7.25\slf4j-api-1.7.25.jar;C:\Users\hoang\.m2\repository\com\neovisionaries\nv-websocket-client\2.14\nv-websocket-client-2.14.jar;C:\Users\hoang\.m2\repository\com\squareup\okhttp3\okhttp\3.13.0\okhttp-3.13.0.jar;C:\Users\hoang\.m2\repository\com\squareup\okio\okio\1.17.2\okio-1.17.2.jar;C:\Users\hoang\.m2\repository\club\minnced\opus-java-api\1.1.0\opus-java-api-1.1.0.jar;C:\Users\hoang\.m2\repository\net\java\dev\jna\jna\4.4.0\jna-4.4.0.jar;C:\Users\hoang\.m2\repository\club\minnced\opus-java-natives\1.1.0\opus-java-natives-1.1.0.jar;C:\Users\hoang\.m2\repository\org\apache\commons\commons-collections4\4.1\commons-collections4-4.1.jar;C:\Users\hoang\.m2\repository\net\sf\trove4j\trove4j\3.0.3\trove4j-3.0.3.jar;C:\Users\hoang\.m2\repository\com\fasterxml\jackson\core\jackson-databind\2.10.1\jackson-databind-2.10.1.jar;C:\Users\hoang\.m2\repository\com\fasterxml\jackson\core\jackson-annotations\2.10.1\jackson-annotations-2.10.1.jar;C:\Users\hoang\.m2\repository\com\sedmelluq\lavaplayer\1.3.77\lavaplayer-1.3.77.jar;C:\Users\hoang\.m2\repository\com\sedmelluq\lava-common\1.1.2\lava-common-1.1.2.jar;C:\Users\hoang\.m2\repository\org\apache\httpcomponents\httpclient\4.5.10\httpclient-4.5.10.jar;C:\Users\hoang\.m2\repository\org\apache\httpcomponents\httpcore\4.4.12\httpcore-4.4.12.jar;C:\Users\hoang\.m2\repository\commons-logging\commons-logging\1.2\commons-logging-1.2.jar;C:\Users\hoang\.m2\repository\commons-codec\commons-codec\1.11\commons-codec-1.11.jar;C:\Users\hoang\.m2\repository\com\fasterxml\jackson\core\jackson-core\2.10.0\jackson-core-2.10.0.jar;C:\Users\hoang\.m2\repository\com\sedmelluq\lavaplayer-natives\1.3.14\lavaplayer-natives-1.3.14.jar;C:\Users\hoang\.m2\repository\commons-io\commons-io\2.6\commons-io-2.6.jar;C:\Users\hoang\.m2\repository\org\jsoup\jsoup\1.12.1\jsoup-1.12.1.jar;C:\Users\hoang\.m2\repository\net\iharder\base64\2.3.9\base64-2.3.9.jar;"/>
    <property name="java.vm.vendor" value="Eclipse Foundation"/>
    <property name="sun.arch.data.model" value="64"/>
    <property name="user.variant" value=""/>
    <property name="java.vendor.url" value="https://adoptium.net/"/>
    <property name="user.timezone" value="Asia/Bangkok"/>
    <property name="java.vm.specification.version" value="11"/>
    <property name="os.name" value="Windows 10"/>
    <property name="sun.java.launcher" value="SUN_STANDARD"/>
    <property name="user.country" value="US"/>
    <property name="sun.boot.library.path" value="C:\Program Files\Eclipse Foundation\jdk-11.0.12.7-hotspot\bin"/>
    <property name="sun.java.command" value="C:\Users\hoang\AppData\Local\Temp\surefire17968503672602201047\surefirebooter8983817176443572213.jar C:\Users\hoang\AppData\Local\Temp\surefire17968503672602201047 2021-09-07T15-12-58_446-jvmRun1 surefire7923496307710964085tmp surefire_011034897619064528912tmp"/>
    <property name="jdk.debug" value="release"/>
    <property name="surefire.test.class.path" value="C:\Users\hoang\OneDrive\Documents\CodeSpace\gideon\target\test-classes;C:\Users\hoang\OneDrive\Documents\CodeSpace\gideon\target\classes;C:\Users\hoang\.m2\repository\junit\junit\4.11\junit-4.11.jar;C:\Users\hoang\.m2\repository\org\hamcrest\hamcrest-core\1.3\hamcrest-core-1.3.jar;C:\Users\hoang\.m2\repository\net\dv8tion\JDA\4.3.0_277\JDA-4.3.0_277.jar;C:\Users\hoang\.m2\repository\com\google\code\findbugs\jsr305\3.0.2\jsr305-3.0.2.jar;C:\Users\hoang\.m2\repository\org\jetbrains\annotations\16.0.1\annotations-16.0.1.jar;C:\Users\hoang\.m2\repository\org\slf4j\slf4j-api\1.7.25\slf4j-api-1.7.25.jar;C:\Users\hoang\.m2\repository\com\neovisionaries\nv-websocket-client\2.14\nv-websocket-client-2.14.jar;C:\Users\hoang\.m2\repository\com\squareup\okhttp3\okhttp\3.13.0\okhttp-3.13.0.jar;C:\Users\hoang\.m2\repository\com\squareup\okio\okio\1.17.2\okio-1.17.2.jar;C:\Users\hoang\.m2\repository\club\minnced\opus-java-api\1.1.0\opus-java-api-1.1.0.jar;C:\Users\hoang\.m2\repository\net\java\dev\jna\jna\4.4.0\jna-4.4.0.jar;C:\Users\hoang\.m2\repository\club\minnced\opus-java-natives\1.1.0\opus-java-natives-1.1.0.jar;C:\Users\hoang\.m2\repository\org\apache\commons\commons-collections4\4.1\commons-collections4-4.1.jar;C:\Users\hoang\.m2\repository\net\sf\trove4j\trove4j\3.0.3\trove4j-3.0.3.jar;C:\Users\hoang\.m2\repository\com\fasterxml\jackson\core\jackson-databind\2.10.1\jackson-databind-2.10.1.jar;C:\Users\hoang\.m2\repository\com\fasterxml\jackson\core\jackson-annotations\2.10.1\jackson-annotations-2.10.1.jar;C:\Users\hoang\.m2\repository\com\sedmelluq\lavaplayer\1.3.77\lavaplayer-1.3.77.jar;C:\Users\hoang\.m2\repository\com\sedmelluq\lava-common\1.1.2\lava-common-1.1.2.jar;C:\Users\hoang\.m2\repository\org\apache\httpcomponents\httpclient\4.5.10\httpclient-4.5.10.jar;C:\Users\hoang\.m2\repository\org\apache\httpcomponents\httpcore\4.4.12\httpcore-4.4.12.jar;C:\Users\hoang\.m2\repository\commons-logging\commons-logging\1.2\commons-logging-1.2.jar;C:\Users\hoang\.m2\repository\commons-codec\commons-codec\1.11\commons-codec-1.11.jar;C:\Users\hoang\.m2\repository\com\fasterxml\jackson\core\jackson-core\2.10.0\jackson-core-2.10.0.jar;C:\Users\hoang\.m2\repository\com\sedmelluq\lavaplayer-natives\1.3.14\lavaplayer-natives-1.3.14.jar;C:\Users\hoang\.m2\repository\commons-io\commons-io\2.6\commons-io-2.6.jar;C:\Users\hoang\.m2\repository\org\jsoup\jsoup\1.12.1\jsoup-1.12.1.jar;C:\Users\hoang\.m2\repository\net\iharder\base64\2.3.9\base64-2.3.9.jar;"/>
    <property name="sun.cpu.endian" value="little"/>
    <property name="user.home" value="C:\Users\hoang"/>
    <property name="user.language" value="en"/>
    <property name="java.specification.vendor" value="Oracle Corporation"/>
    <property name="java.version.date" value="2021-07-20"/>
    <property name="java.home" value="C:\Program Files\Eclipse Foundation\jdk-11.0.12.7-hotspot"/>
    <property name="file.separator" value="\"/>
    <property name="basedir" value="C:\Users\hoang\OneDrive\Documents\CodeSpace\gideon"/>
    <property name="java.vm.compressedOopsMode" value="32-bit"/>
    <property name="line.separator" value="&#10;"/>
    <property name="java.specification.name" value="Java Platform API Specification"/>
    <property name="java.vm.specification.vendor" value="Oracle Corporation"/>
    <property name="java.awt.graphicsenv" value="sun.awt.Win32GraphicsEnvironment"/>
    <property name="surefire.real.class.path" value="C:\Users\hoang\AppData\Local\Temp\surefire17968503672602201047\surefirebooter8983817176443572213.jar"/>
    <property name="user.script" value=""/>
    <property name="sun.management.compiler" value="HotSpot 64-Bit Tiered Compilers"/>
    <property name="java.runtime.version" value="11.0.12+7"/>
    <property name="user.name" value="hoang"/>
    <property name="path.separator" value=";"/>
    <property name="os.version" value="10.0"/>
    <property name="java.runtime.name" value="OpenJDK Runtime Environment"/>
    <property name="file.encoding" value="Cp1252"/>
    <property name="java.vm.name" value="OpenJDK 64-Bit Server VM"/>
    <property name="java.vendor.version" value="Temurin-11.0.12+7"/>
    <property name="localRepository" value="C:\Users\hoang\.m2\repository"/>
    <property name="java.vendor.url.bug" value="https://github.com/adoptium/adoptium-support/issues"/>
    <property name="java.io.tmpdir" value="C:\Users\hoang\AppData\Local\Temp\"/>
    <property name="java.version" value="11.0.12"/>
    <property name="user.dir" value="C:\Users\hoang\OneDrive\Documents\CodeSpace\gideon"/>
    <property name="os.arch" value="amd64"/>
    <property name="java.vm.specification.name" value="Java Virtual Machine Specification"/>
    <property name="java.awt.printerjob" value="sun.awt.windows.WPrinterJob"/>
    <property name="sun.os.patch.level" value=""/>
    <property name="java.library.path" value="C:\Program Files\Eclipse Foundation\jdk-11.0.12.7-hotspot\bin;C:\WINDOWS\Sun\Java\bin;C:\WINDOWS\system32;C:\WINDOWS;C:\Program Files\Eclipse Foundation\jdk-11.0.12.7-hotspot\bin;C:\WINDOWS\system32;C:\WINDOWS;C:\WINDOWS\System32\Wbem;C:\WINDOWS\System32\WindowsPowerShell\v1.0\;C:\WINDOWS\System32\OpenSSH\;C:\Program Files\Git\cmd;C:\Program Files\dotnet\;C:\MinGW\bin;C:\Users\hoang\AppData\Local\Microsoft\WindowsApps;;C:\Users\hoang\AppData\Local\Programs\Microsoft VS Code\bin;C:\Users\hoang\.dotnet\tools;."/>
    <property name="java.vm.info" value="mixed mode"/>
    <property name="java.vendor" value="Eclipse Foundation"/>
    <property name="java.vm.version" value="11.0.12+7"/>
    <property name="sun.io.unicode.encoding" value="UnicodeLittle"/>
    <property name="java.class.version" value="55.0"/>
  </properties>
  <testcase name="testAdd" classname="com.gnaoh.CalculatorTest" time="0"/>
  <testcase name="testPow" classname="com.gnaoh.CalculatorTest" time="0"/>
  <testcase name="testMultiply" classname="com.gnaoh.CalculatorTest" time="0"/>
</testsuite>